Change Component Designator: OldDesignator=ADC*1 NewDesignator=ADC1
Change Component Designator: OldDesignator=ADC*2 NewDesignator=ADC2
Change Component Designator: OldDesignator=LDO*1 NewDesignator=LDO1
Change Component Designator: OldDesignator=MPU*1 NewDesignator=MPU1
Added Component: Designator=J1(solderJumper)
Added Component: Designator=J2(solderJumper)
Added Component: Designator=J3(solderJumper)
Added Component: Designator=J4(solderJumper)
Added Component: Designator=J5(solderJumper)
Added Pin To Net: NetName=GNDD Pin=J1-2
Added Pin To Net: NetName=GNDD Pin=J2-2
Added Pin To Net: NetName=GNDD Pin=J3-1
Added Pin To Net: NetName=GNDA Pin=J3-2
Added Pin To Net: NetName=GNDD Pin=J4-2
Added Pin To Net: NetName=GNDD Pin=J5-2
Change Net Name : Old Net Name=NetADC*1_1 New Net Name=NetADC1_1
Change Net Name : Old Net Name=NetADC*1_5 New Net Name=NetADC1_5
Change Net Name : Old Net Name=NetADC*1_6 New Net Name=NetADC1_6
Change Net Name : Old Net Name=NetADC*1_7 New Net Name=NetADC1_7
Change Net Name : Old Net Name=NetADC*1_8 New Net Name=NetADC1_8
Change Net Name : Old Net Name=NetADC*1_9 New Net Name=NetADC1_9
Change Net Name : Old Net Name=NetADC*1_10 New Net Name=NetADC1_10
Change Net Name : Old Net Name=NetADC*1_11 New Net Name=NetADC1_11
Change Net Name : Old Net Name=NetADC*1_12 New Net Name=NetADC1_12
Change Net Name : Old Net Name=NetADC*1_13 New Net Name=NetADC1_13
Change Net Name : Old Net Name=NetADC*1_16 New Net Name=NetADC1_16
Change Net Name : Old Net Name=NetADC*1_20 New Net Name=NetADC1_20
Change Net Name : Old Net Name=NetADC*2_1 New Net Name=NetADC2_1
Change Net Name : Old Net Name=NetADC*2_5 New Net Name=NetADC2_5
Change Net Name : Old Net Name=NetADC*2_6 New Net Name=NetADC2_6
Change Net Name : Old Net Name=NetADC*2_7 New Net Name=NetADC2_7
Change Net Name : Old Net Name=NetADC*2_8 New Net Name=NetADC2_8
Change Net Name : Old Net Name=NetADC*2_9 New Net Name=NetADC2_9
Change Net Name : Old Net Name=NetADC*2_10 New Net Name=NetADC2_10
Change Net Name : Old Net Name=NetADC*2_11 New Net Name=NetADC2_11
Change Net Name : Old Net Name=NetADC*2_12 New Net Name=NetADC2_12
Change Net Name : Old Net Name=NetADC*2_13 New Net Name=NetADC2_13
Change Net Name : Old Net Name=NetADC*2_20 New Net Name=NetADC2_20
Added Pin To Net: NetName=NetADC1_17 Pin=ADC1-17
Added Pin To Net: NetName=NetADC1_17 Pin=J1-1
Added Pin To Net: NetName=NetADC1_17 Pin=R8-1
Added Net: Name=NetADC1_17
Added Pin To Net: NetName=NetADC1_18 Pin=ADC1-18
Added Pin To Net: NetName=NetADC1_18 Pin=J2-1
Added Net: Name=NetADC1_18
Added Pin To Net: NetName=NetADC2_17 Pin=ADC2-17
Added Pin To Net: NetName=NetADC2_17 Pin=J4-1
Added Pin To Net: NetName=NetADC2_17 Pin=R27-1
Added Net: Name=NetADC2_17
Added Pin To Net: NetName=NetADC2_18 Pin=ADC2-18
Added Pin To Net: NetName=NetADC2_18 Pin=J5-1
Added Net: Name=NetADC2_18
Added Member To Class: ClassName=Sheet1 Member=Component ADC2 MCP3464
Added Member To Class: ClassName=Sheet1 Member=Component J1 JMP_mini
Added Member To Class: ClassName=Sheet1 Member=Component J2 JMP_mini
Added Member To Class: ClassName=Sheet1 Member=Component J3 JMP_mini
Added Member To Class: ClassName=Sheet1 Member=Component J4 JMP_mini
Added Member To Class: ClassName=Sheet1 Member=Component J5 JMP_mini
Added Member To Class: ClassName=Sheet1 Member=Component R10 4k7
Added Member To Class: ClassName=Sheet1 Member=Component R11 1k
Added Member To Class: ClassName=Sheet1 Member=Component R12 10
Added Member To Class: ClassName=Sheet1 Member=Component R14 1k
Added Member To Class: ClassName=Sheet1 Member=Component R17 1k
Added Member To Class: ClassName=Sheet1 Member=Component R21 10
Added Member To Class: ClassName=Sheet1 Member=Component R22 10
Added Member To Class: ClassName=Sheet1 Member=Component R23 10
Added Member To Class: ClassName=Sheet1 Member=Component R24 1k
Added Member To Class: ClassName=Sheet1 Member=Component R26 1k
Added Member To Class: ClassName=Sheet1 Member=Component R27 10
