Removed Member From Class: ClassName=Sheet1 Member=R36
Change Component Designator: OldDesignator=FB? NewDesignator=FB2
Change Component Designator: OldDesignator=R9 NewDesignator=R8
Change Component Designator: OldDesignator=R10 NewDesignator=R11
Change Component Designator: OldDesignator=R11 NewDesignator=R15
Change Component Designator: OldDesignator=R12 NewDesignator=R18
Change Component Designator: OldDesignator=R13 NewDesignator=R20
Change Component Designator: OldDesignator=R14 NewDesignator=R13
Change Component Designator: OldDesignator=R15 NewDesignator=R14
Change Component Designator: OldDesignator=R16 NewDesignator=R23
Change Component Designator: OldDesignator=R17 NewDesignator=R16
Change Component Designator: OldDesignator=R18 NewDesignator=R17
Change Component Designator: OldDesignator=R20 NewDesignator=R21
Change Component Designator: OldDesignator=R21 NewDesignator=R22
Change Component Designator: OldDesignator=R22 NewDesignator=R24
Change Component Designator: OldDesignator=R23 NewDesignator=R25
Change Component Designator: OldDesignator=R24 NewDesignator=R26
Change Component Designator: OldDesignator=R26 NewDesignator=R27
Change Component Designator: OldDesignator=R27 NewDesignator=R28
Change Component Designator: OldDesignator=R28 NewDesignator=R30
Change Component Designator: OldDesignator=R31 NewDesignator=R29
Change Component Designator: OldDesignator=R33 NewDesignator=R31
Change Component Designator: OldDesignator=R34 NewDesignator=R32
Change Component Designator: OldDesignator=R35 NewDesignator=R9
Change Component Designator: OldDesignator=R36 NewDesignator=R10
Added Component: Designator=ADC*1(TSOP65P640X120-20N ADC)
Added Component: Designator=R12(R1608_0603I_M)
Added Pin To Net: NetName=NetADC*1_1 Pin=ADC*1-1
Added Pin To Net: NetName=GNDA Pin=ADC*1-2
Added Pin To Net: NetName=GNDA Pin=ADC*1-3
Added Pin To Net: NetName=AVCC Pin=ADC*1-4
Added Pin To Net: NetName=NetADC*1_5 Pin=ADC*1-5
Added Pin To Net: NetName=NetADC*1_6 Pin=ADC*1-6
Added Pin To Net: NetName=NetADC*1_7 Pin=ADC*1-7
Added Pin To Net: NetName=NetADC*1_8 Pin=ADC*1-8
Added Pin To Net: NetName=NetADC*1_9 Pin=ADC*1-9
Added Pin To Net: NetName=NetADC*1_10 Pin=ADC*1-10
Added Pin To Net: NetName=NetADC*1_11 Pin=ADC*1-11
Added Pin To Net: NetName=NetADC*1_12 Pin=ADC*1-12
Added Pin To Net: NetName=NetADC*1_13 Pin=ADC*1-13
Added Pin To Net: NetName=SCK Pin=ADC*1-14
Added Pin To Net: NetName=MOSI Pin=ADC*1-15
Added Pin To Net: NetName=NetADC*1_17 Pin=ADC*1-17
Added Pin To Net: NetName=NetADC*1_18 Pin=ADC*1-18
Added Pin To Net: NetName=GNDD Pin=ADC*1-19
Added Pin To Net: NetName=NetADC*1_20 Pin=ADC*1-20
Added Pin To Net: NetName=MISO Pin=R12-2
Added Pin To Net: NetName=NetADC*1_16 Pin=ADC*1-16
Added Pin To Net: NetName=NetADC*1_16 Pin=R12-1
Added Net: Name=NetADC*1_16
Added Member To Class: ClassName=Sheet1 Member=Component ADC*1 MCP3464
Added Member To Class: ClassName=Sheet1 Member=Component R25 1k
Added Member To Class: ClassName=Sheet1 Member=Component R30 10
