Removed Pin From Net: NetName=GNDA Pin=ADC*1-19
Removed Pin From Net: NetName=GNDA Pin=ADC*2-19
Removed Pin From Net: NetName=GNDA Pin=C3-1
Removed Pin From Net: NetName=GNDA Pin=C4-2
Removed Pin From Net: NetName=GNDA Pin=C5-2
Removed Pin From Net: NetName=GNDA Pin=C6-2
Removed Pin From Net: NetName=GNDA Pin=C9-1
Removed Pin From Net: NetName=GNDA Pin=C12-1
Removed Pin From Net: NetName=GNDA Pin=C15-2
Removed Pin From Net: NetName=GNDA Pin=C16-1
Removed Pin From Net: NetName=GNDA Pin=C18-2
Removed Pin From Net: NetName=GNDA Pin=C23-1
Removed Pin From Net: NetName=GNDA Pin=C26-1
Removed Pin From Net: NetName=GNDA Pin=D1-1
Removed Pin From Net: NetName=GNDA Pin=J1-2
Removed Pin From Net: NetName=GNDA Pin=J2-2
Removed Pin From Net: NetName=GNDA Pin=J3-1
Removed Pin From Net: NetName=GNDA Pin=J4-2
Removed Pin From Net: NetName=GNDA Pin=J5-2
Removed Pin From Net: NetName=GNDA Pin=K10-11
Removed Pin From Net: NetName=GNDA Pin=LDO*1-2
Removed Pin From Net: NetName=GNDA Pin=LDO*1-2
Removed Pin From Net: NetName=GNDA Pin=MPU*1-1
Removed Pin From Net: NetName=GNDA Pin=MPU*1-11
Removed Pin From Net: NetName=GNDA Pin=MPU*1-18
Removed Pin From Net: NetName=GNDA Pin=R14-2
Added Pin To Net: NetName=GNDD Pin=ADC*1-19
Added Pin To Net: NetName=GNDD Pin=ADC*2-19
Added Pin To Net: NetName=GNDD Pin=C3-1
Added Pin To Net: NetName=GNDD Pin=C4-2
Added Pin To Net: NetName=GNDD Pin=C5-2
Added Pin To Net: NetName=GNDD Pin=C6-2
Added Pin To Net: NetName=GNDD Pin=C9-1
Added Pin To Net: NetName=GNDD Pin=C12-1
Added Pin To Net: NetName=GNDD Pin=C15-2
Added Pin To Net: NetName=GNDD Pin=C16-1
Added Pin To Net: NetName=GNDD Pin=C18-2
Added Pin To Net: NetName=GNDD Pin=C23-1
Added Pin To Net: NetName=GNDD Pin=C26-1
Added Pin To Net: NetName=GNDD Pin=D1-1
Added Pin To Net: NetName=GNDD Pin=J1-2
Added Pin To Net: NetName=GNDD Pin=J2-2
Added Pin To Net: NetName=GNDD Pin=J3-1
Added Pin To Net: NetName=GNDD Pin=J4-2
Added Pin To Net: NetName=GNDD Pin=J5-2
Added Pin To Net: NetName=GNDD Pin=K10-11
Added Pin To Net: NetName=GNDD Pin=LDO*1-2
Added Pin To Net: NetName=GNDD Pin=LDO*1-2
Added Pin To Net: NetName=GNDD Pin=MPU*1-1
Added Pin To Net: NetName=GNDD Pin=MPU*1-11
Added Pin To Net: NetName=GNDD Pin=MPU*1-18
Added Pin To Net: NetName=GNDD Pin=R14-2
Added Net: Name=GNDD
