Removed Pin From Net: NetName=NetADC*1_18 Pin=R8-1
Removed Pin From Net: NetName=NetADC*2_18 Pin=R25-1
Removed Member From Class: ClassName=Sheet1 Member=R8
Added Member To Class: ClassName=Sheet1 Member=Component ADC*1 MCP3464
Added Member To Class: ClassName=Sheet1 Member=Component ADC*2 MCP3464
Added Member To Class: ClassName=Sheet1 Member=Component C1 0.1uF
Added Member To Class: ClassName=Sheet1 Member=Component C4 10uF
Added Member To Class: ClassName=Sheet1 Member=Component C5 4.7uF
Added Member To Class: ClassName=Sheet1 Member=Component C7 0.1uF
Added Member To Class: ClassName=Sheet1 Member=Component C10 0.1uF
Added Member To Class: ClassName=Sheet1 Member=Component C11 0.1uF
Added Member To Class: ClassName=Sheet1 Member=Component C12 0.1uF
Added Member To Class: ClassName=Sheet1 Member=Component C13 0.1uF
Added Member To Class: ClassName=Sheet1 Member=Component C14 0.1uF
Added Member To Class: ClassName=Sheet1 Member=Component C15 10nF
Added Member To Class: ClassName=Sheet1 Member=Component C16 0.1uF
Added Member To Class: ClassName=Sheet1 Member=Component C18 2.2nF
Added Member To Class: ClassName=Sheet1 Member=Component C19 0.1uF
Added Member To Class: ClassName=Sheet1 Member=Component C20 0.1uF
Added Member To Class: ClassName=Sheet1 Member=Component C21 0.1uF
Added Member To Class: ClassName=Sheet1 Member=Component C22 0.1uF
Added Member To Class: ClassName=Sheet1 Member=Component C23 0.1uF
Added Member To Class: ClassName=Sheet1 Member=Component C24 0.1uF
Added Member To Class: ClassName=Sheet1 Member=Component C25 0.1uF
Added Member To Class: ClassName=Sheet1 Member=Component C26 0.1uF
Added Member To Class: ClassName=Sheet1 Member=Component C27 0.1uF
Added Member To Class: ClassName=Sheet1 Member=Component C28 0.1uF
Added Member To Class: ClassName=Sheet1 Member=Component C29 0.1uF
Added Member To Class: ClassName=Sheet1 Member=Component C30 0.1uF
Added Member To Class: ClassName=Sheet1 Member=Component C31 0.1uF
Added Member To Class: ClassName=Sheet1 Member=Component C32 0.1uF
Added Member To Class: ClassName=Sheet1 Member=Component C33 0.1uF
Added Member To Class: ClassName=Sheet1 Member=Component D1 LED
Added Member To Class: ClassName=Sheet1 Member=Component FB? FERITTE BEAD
Added Member To Class: ClassName=Sheet1 Member=Component J4 JMP_mini
Added Member To Class: ClassName=Sheet1 Member=Component J5 JMP_mini
Added Member To Class: ClassName=Sheet1 Member=Component K1 H1x3
Added Member To Class: ClassName=Sheet1 Member=Component K2 H1x3
Added Member To Class: ClassName=Sheet1 Member=Component K3 H1x3
Added Member To Class: ClassName=Sheet1 Member=Component K4 H1x3
Added Member To Class: ClassName=Sheet1 Member=Component K5 H1x3
Added Member To Class: ClassName=Sheet1 Member=Component K6 H1x3
Added Member To Class: ClassName=Sheet1 Member=Component K7 H1x3
Added Member To Class: ClassName=Sheet1 Member=Component K8 H1x3
Added Member To Class: ClassName=Sheet1 Member=Component K9 H1x3
Added Member To Class: ClassName=Sheet1 Member=Component K10 H2x6
Added Member To Class: ClassName=Sheet1 Member=Component K11 H1x3
Added Member To Class: ClassName=Sheet1 Member=Component K12 H1x3
Added Member To Class: ClassName=Sheet1 Member=Component K13 H1x3
Added Member To Class: ClassName=Sheet1 Member=Component K14 H1x3
Added Member To Class: ClassName=Sheet1 Member=Component K15 H1x3
Added Member To Class: ClassName=Sheet1 Member=Component K16 H1x3
Added Member To Class: ClassName=Sheet1 Member=Component K17 H1x3
Added Member To Class: ClassName=Sheet1 Member=Component MPU*1 MPU6050
Added Member To Class: ClassName=Sheet1 Member=Component R1 1k
Added Member To Class: ClassName=Sheet1 Member=Component R5 1k
Added Member To Class: ClassName=Sheet1 Member=Component R6 1k
Added Member To Class: ClassName=Sheet1 Member=Component R7 1k
Added Member To Class: ClassName=Sheet1 Member=Component R10 1k
Added Member To Class: ClassName=Sheet1 Member=Component R11 10
Added Member To Class: ClassName=Sheet1 Member=Component R12 10
Added Member To Class: ClassName=Sheet1 Member=Component R13 10
Added Member To Class: ClassName=Sheet1 Member=Component R14 4k7
Added Member To Class: ClassName=Sheet1 Member=Component R15 1k
Added Member To Class: ClassName=Sheet1 Member=Component R16 10
Added Member To Class: ClassName=Sheet1 Member=Component R17 1k
Added Member To Class: ClassName=Sheet1 Member=Component R18 1k
Added Member To Class: ClassName=Sheet1 Member=Component R19 1k
Added Member To Class: ClassName=Sheet1 Member=Component R20 10
Added Member To Class: ClassName=Sheet1 Member=Component R21 10
Added Member To Class: ClassName=Sheet1 Member=Component R22 1k
Added Member To Class: ClassName=Sheet1 Member=Component R23 1k
Added Member To Class: ClassName=Sheet1 Member=Component R24 1k
Added Member To Class: ClassName=Sheet1 Member=Component R26 10
Added Member To Class: ClassName=Sheet1 Member=Component R27 1k
Added Member To Class: ClassName=Sheet1 Member=Component R28 10
Added Member To Class: ClassName=Sheet1 Member=Component R31 1k
Added Member To Class: ClassName=Sheet1 Member=Component R33 1k
Added Member To Class: ClassName=Sheet1 Member=Component R34 1k
Added Member To Class: ClassName=Sheet1 Member=Component R35 4k7
Added Member To Class: ClassName=Sheet1 Member=Component R36 4k7
