Added Component: Designator=ADC*1(TSOP65P640X120-20N ADC)
Added Component: Designator=ADC*2(TSOP65P640X120-20N ADC)
Added Component: Designator=C1(C1608_0603I_M)
Added Component: Designator=C2(C1608_0603I_M)
Added Component: Designator=C3(C1608_0603I_M)
Added Component: Designator=C4(C Tantal A)
Added Component: Designator=C5(C1608_0603I_M)
Added Component: Designator=C6(C1608_0603I_M)
Added Component: Designator=C7(C1608_0603I_M)
Added Component: Designator=C8(C1608_0603I_M)
Added Component: Designator=C9(C1608_0603I_M)
Added Component: Designator=C10(C1608_0603I_M)
Added Component: Designator=C11(C1608_0603I_M)
Added Component: Designator=C12(C1608_0603I_M)
Added Component: Designator=C13(C1608_0603I_M)
Added Component: Designator=C14(C1608_0603I_M)
Added Component: Designator=C15(C2012_0805I_M)
Added Component: Designator=C16(C1608_0603I_M)
Added Component: Designator=C17(C1608_0603I_M)
Added Component: Designator=C18(C1608_0603I_M)
Added Component: Designator=C19(C1608_0603I_M)
Added Component: Designator=C20(C1608_0603I_M)
Added Component: Designator=C21(C1608_0603I_M)
Added Component: Designator=C22(C1608_0603I_M)
Added Component: Designator=C23(C1608_0603I_M)
Added Component: Designator=C24(C1608_0603I_M)
Added Component: Designator=C25(C1608_0603I_M)
Added Component: Designator=C26(C1608_0603I_M)
Added Component: Designator=C27(C1608_0603I_M)
Added Component: Designator=C28(C1608_0603I_M)
Added Component: Designator=C29(C1608_0603I_M)
Added Component: Designator=C30(C1608_0603I_M)
Added Component: Designator=C31(C1608_0603I_M)
Added Component: Designator=C32(C1608_0603I_M)
Added Component: Designator=C33(C1608_0603I_M)
Added Component: Designator=D1(LED1608_0603I_M)
Added Component: Designator=FB1(R1608_0603I_M)
Added Component: Designator=J1(solderJumper)
Added Component: Designator=J2(solderJumper)
Added Component: Designator=J3(solderJumper)
Added Component: Designator=J4(solderJumper)
Added Component: Designator=J5(solderJumper)
Added Component: Designator=K1(H1x3)
Added Component: Designator=K2(H1x3)
Added Component: Designator=K3(H1x3)
Added Component: Designator=K4(H1x3)
Added Component: Designator=K5(H1x3)
Added Component: Designator=K6(H1x3)
Added Component: Designator=K7(H1x3)
Added Component: Designator=K8(H1x3)
Added Component: Designator=K9(H1x3)
Added Component: Designator=K10(H2x6)
Added Component: Designator=K11(H1x3)
Added Component: Designator=K12(H1x3)
Added Component: Designator=K13(H1x3)
Added Component: Designator=K14(H1x3)
Added Component: Designator=K15(H1x3)
Added Component: Designator=K16(H1x3)
Added Component: Designator=K17(H1x3)
Added Component: Designator=LDO*1(SOT230P700X180-4N 3V3 LDO)
Added Component: Designator=MPU*1(QFN50P400X400X95_HS-25N)
Added Component: Designator=R1(R1608_0603I_M)
Added Component: Designator=R2(R1608_0603I_M)
Added Component: Designator=R3(R1608_0603I_M)
Added Component: Designator=R4(R1608_0603I_M)
Added Component: Designator=R5(R1608_0603I_M)
Added Component: Designator=R6(R1608_0603I_M)
Added Component: Designator=R7(R1608_0603I_M)
Added Component: Designator=R8(R1608_0603I_M)
Added Component: Designator=R9(R1608_0603I_M)
Added Component: Designator=R10(R1608_0603I_M)
Added Component: Designator=R11(R1608_0603I_M)
Added Component: Designator=R12(R1608_0603I_M)
Added Component: Designator=R13(R1608_0603I_M)
Added Component: Designator=R14(R1608_0603I_M)
Added Component: Designator=R15(R1608_0603I_M)
Added Component: Designator=R16(R1608_0603I_M)
Added Component: Designator=R17(R1608_0603I_M)
Added Component: Designator=R18(R1608_0603I_M)
Added Component: Designator=R19(R1608_0603I_M)
Added Component: Designator=R20(R1608_0603I_M)
Added Component: Designator=R21(R1608_0603I_M)
Added Component: Designator=R22(R1608_0603I_M)
Added Component: Designator=R23(R1608_0603I_M)
Added Component: Designator=R24(R1608_0603I_M)
Added Component: Designator=R25(R1608_0603I_M)
Added Component: Designator=R26(R1608_0603I_M)
Added Component: Designator=R27(R1608_0603I_M)
Added Component: Designator=R28(R1608_0603I_M)
Added Component: Designator=R29(R1608_0603I_M)
Added Component: Designator=R30(R1608_0603I_M)
Added Component: Designator=R31(R1608_0603I_M)
Added Component: Designator=R32(R1608_0603I_M)
Added Component: Designator=R33(R1608_0603I_M)
Added Component: Designator=R34(R1608_0603I_M)
Added Pin To Net: NetName=NetADC*1_1 Pin=ADC*1-1
Added Pin To Net: NetName=GNDA Pin=ADC*1-2
Added Pin To Net: NetName=GNDA Pin=ADC*1-3
Added Pin To Net: NetName=AVCC Pin=ADC*1-4
Added Pin To Net: NetName=NetADC*1_5 Pin=ADC*1-5
Added Pin To Net: NetName=NetADC*1_6 Pin=ADC*1-6
Added Pin To Net: NetName=NetADC*1_7 Pin=ADC*1-7
Added Pin To Net: NetName=NetADC*1_8 Pin=ADC*1-8
Added Pin To Net: NetName=NetADC*1_9 Pin=ADC*1-9
Added Pin To Net: NetName=NetADC*1_10 Pin=ADC*1-10
Added Pin To Net: NetName=NetADC*1_11 Pin=ADC*1-11
Added Pin To Net: NetName=NetADC*1_12 Pin=ADC*1-12
Added Pin To Net: NetName=NetADC*1_13 Pin=ADC*1-13
Added Pin To Net: NetName=NetADC*1_14 Pin=ADC*1-14
Added Pin To Net: NetName=NetADC*1_15 Pin=ADC*1-15
Added Pin To Net: NetName=NetADC*1_16 Pin=ADC*1-16
Added Pin To Net: NetName=NetADC*1_17 Pin=ADC*1-17
Added Pin To Net: NetName=NetADC*1_18 Pin=ADC*1-18
Added Pin To Net: NetName=GNDD Pin=ADC*1-19
Added Pin To Net: NetName=NetADC*1_20 Pin=ADC*1-20
Added Pin To Net: NetName=NetADC*2_1 Pin=ADC*2-1
Added Pin To Net: NetName=GNDA Pin=ADC*2-2
Added Pin To Net: NetName=GNDA Pin=ADC*2-3
Added Pin To Net: NetName=AVCC Pin=ADC*2-4
Added Pin To Net: NetName=NetADC*2_5 Pin=ADC*2-5
Added Pin To Net: NetName=NetADC*2_6 Pin=ADC*2-6
Added Pin To Net: NetName=NetADC*2_7 Pin=ADC*2-7
Added Pin To Net: NetName=NetADC*2_8 Pin=ADC*2-8
Added Pin To Net: NetName=NetADC*2_9 Pin=ADC*2-9
Added Pin To Net: NetName=NetADC*2_10 Pin=ADC*2-10
Added Pin To Net: NetName=NetADC*2_11 Pin=ADC*2-11
Added Pin To Net: NetName=NetADC*2_12 Pin=ADC*2-12
Added Pin To Net: NetName=NetADC*2_13 Pin=ADC*2-13
Added Pin To Net: NetName=NetADC*2_14 Pin=ADC*2-14
Added Pin To Net: NetName=NetADC*2_15 Pin=ADC*2-15
Added Pin To Net: NetName=NetADC*2_16 Pin=ADC*2-16
Added Pin To Net: NetName=NetADC*2_17 Pin=ADC*2-17
Added Pin To Net: NetName=NetADC*2_18 Pin=ADC*2-18
Added Pin To Net: NetName=GNDD Pin=ADC*2-19
Added Pin To Net: NetName=NetADC*2_20 Pin=ADC*2-20
Added Pin To Net: NetName=GNDA Pin=C1-1
Added Pin To Net: NetName=NetADC*1_5 Pin=C1-2
Added Pin To Net: NetName=NetADC*1_1 Pin=C2-1
Added Pin To Net: NetName=GNDA Pin=C2-2
Added Pin To Net: NetName=GNDD Pin=C3-1
Added Pin To Net: NetName=NetADC*1_20 Pin=C3-2
Added Pin To Net: NetName=DVCC Pin=C4-1
Added Pin To Net: NetName=GNDD Pin=C4-2
Added Pin To Net: NetName=+5V Pin=C5-1
Added Pin To Net: NetName=GNDD Pin=C5-2
Added Pin To Net: NetName=DVCC Pin=C6-1
Added Pin To Net: NetName=GNDD Pin=C6-2
Added Pin To Net: NetName=GNDA Pin=C7-1
Added Pin To Net: NetName=NetADC*1_6 Pin=C7-2
Added Pin To Net: NetName=NetADC*1_1 Pin=C8-1
Added Pin To Net: NetName=GNDA Pin=C8-2
Added Pin To Net: NetName=GNDD Pin=C9-1
Added Pin To Net: NetName=NetADC*1_20 Pin=C9-2
Added Pin To Net: NetName=GNDA Pin=C10-1
Added Pin To Net: NetName=NetADC*1_7 Pin=C10-2
Added Pin To Net: NetName=GNDA Pin=C11-1
Added Pin To Net: NetName=NetADC*1_8 Pin=C11-2
Added Pin To Net: NetName=GNDD Pin=C12-1
Added Pin To Net: NetName=DVCC Pin=C12-2
Added Pin To Net: NetName=GNDA Pin=C13-1
Added Pin To Net: NetName=NetADC*1_9 Pin=C13-2
Added Pin To Net: NetName=GNDA Pin=C14-1
Added Pin To Net: NetName=NetADC*1_10 Pin=C14-2
Added Pin To Net: NetName=DVCC Pin=C15-1
Added Pin To Net: NetName=GNDD Pin=C15-2
Added Pin To Net: NetName=GNDD Pin=C16-1
Added Pin To Net: NetName=NetC16_2 Pin=C16-2
Added Pin To Net: NetName=GNDA Pin=C17-1
Added Pin To Net: NetName=AVCC Pin=C17-2
Added Pin To Net: NetName=NetC18_1 Pin=C18-1
Added Pin To Net: NetName=GNDD Pin=C18-2
Added Pin To Net: NetName=GNDA Pin=C19-1
Added Pin To Net: NetName=NetADC*1_11 Pin=C19-2
Added Pin To Net: NetName=GNDA Pin=C20-1
Added Pin To Net: NetName=NetADC*1_12 Pin=C20-2
Added Pin To Net: NetName=GNDA Pin=C21-1
Added Pin To Net: NetName=NetADC*2_5 Pin=C21-2
Added Pin To Net: NetName=NetADC*2_1 Pin=C22-1
Added Pin To Net: NetName=GNDA Pin=C22-2
Added Pin To Net: NetName=GNDD Pin=C23-1
Added Pin To Net: NetName=NetADC*2_20 Pin=C23-2
Added Pin To Net: NetName=GNDA Pin=C24-1
Added Pin To Net: NetName=NetADC*2_6 Pin=C24-2
Added Pin To Net: NetName=NetADC*2_1 Pin=C25-1
Added Pin To Net: NetName=GNDA Pin=C25-2
Added Pin To Net: NetName=GNDD Pin=C26-1
Added Pin To Net: NetName=NetADC*2_20 Pin=C26-2
Added Pin To Net: NetName=GNDA Pin=C27-1
Added Pin To Net: NetName=NetADC*2_7 Pin=C27-2
Added Pin To Net: NetName=GNDA Pin=C28-1
Added Pin To Net: NetName=NetADC*2_8 Pin=C28-2
Added Pin To Net: NetName=GNDA Pin=C29-1
Added Pin To Net: NetName=NetADC*2_9 Pin=C29-2
Added Pin To Net: NetName=GNDA Pin=C30-1
Added Pin To Net: NetName=NetADC*2_10 Pin=C30-2
Added Pin To Net: NetName=GNDA Pin=C31-1
Added Pin To Net: NetName=AVCC Pin=C31-2
Added Pin To Net: NetName=GNDA Pin=C32-1
Added Pin To Net: NetName=NetADC*2_11 Pin=C32-2
Added Pin To Net: NetName=GNDA Pin=C33-1
Added Pin To Net: NetName=NetADC*2_12 Pin=C33-2
Added Pin To Net: NetName=GNDD Pin=D1-1
Added Pin To Net: NetName=NetD1_2 Pin=D1-2
Added Pin To Net: NetName=DVCC Pin=FB1-1
Added Pin To Net: NetName=AVCC Pin=FB1-2
Added Pin To Net: NetName=NetADC*1_17 Pin=J1-1
Added Pin To Net: NetName=GNDD Pin=J1-2
Added Pin To Net: NetName=NetADC*1_18 Pin=J2-1
Added Pin To Net: NetName=GNDD Pin=J2-2
Added Pin To Net: NetName=GNDD Pin=J3-1
Added Pin To Net: NetName=GNDA Pin=J3-2
Added Pin To Net: NetName=NetADC*2_17 Pin=J4-1
Added Pin To Net: NetName=GNDD Pin=J4-2
Added Pin To Net: NetName=NetADC*2_18 Pin=J5-1
Added Pin To Net: NetName=GNDD Pin=J5-2
Added Pin To Net: NetName=AVCC Pin=K1-1
Added Pin To Net: NetName=NetK1_2 Pin=K1-2
Added Pin To Net: NetName=GNDA Pin=K1-3
Added Pin To Net: NetName=AVCC Pin=K2-1
Added Pin To Net: NetName=NetK2_2 Pin=K2-2
Added Pin To Net: NetName=GNDA Pin=K2-3
Added Pin To Net: NetName=AVCC Pin=K3-1
Added Pin To Net: NetName=NetK3_2 Pin=K3-2
Added Pin To Net: NetName=GNDA Pin=K3-3
Added Pin To Net: NetName=AVCC Pin=K4-1
Added Pin To Net: NetName=NetK4_2 Pin=K4-2
Added Pin To Net: NetName=GNDA Pin=K4-3
Added Pin To Net: NetName=AVCC Pin=K5-1
Added Pin To Net: NetName=NetK5_2 Pin=K5-2
Added Pin To Net: NetName=GNDA Pin=K5-3
Added Pin To Net: NetName=AVCC Pin=K6-1
Added Pin To Net: NetName=NetK6_2 Pin=K6-2
Added Pin To Net: NetName=GNDA Pin=K6-3
Added Pin To Net: NetName=AVCC Pin=K7-1
Added Pin To Net: NetName=NetK7_2 Pin=K7-2
Added Pin To Net: NetName=GNDA Pin=K7-3
Added Pin To Net: NetName=AVCC Pin=K8-1
Added Pin To Net: NetName=NetK8_2 Pin=K8-2
Added Pin To Net: NetName=GNDA Pin=K8-3
Added Pin To Net: NetName=AVCC Pin=K9-1
Added Pin To Net: NetName=NetK9_2 Pin=K9-2
Added Pin To Net: NetName=GNDA Pin=K9-3
Added Pin To Net: NetName=+5V Pin=K10-2
Added Pin To Net: NetName=GNDD Pin=K10-4
Added Pin To Net: NetName=AVCC Pin=K11-1
Added Pin To Net: NetName=NetK11_2 Pin=K11-2
Added Pin To Net: NetName=GNDA Pin=K11-3
Added Pin To Net: NetName=AVCC Pin=K12-1
Added Pin To Net: NetName=NetK12_2 Pin=K12-2
Added Pin To Net: NetName=GNDA Pin=K12-3
Added Pin To Net: NetName=AVCC Pin=K13-1
Added Pin To Net: NetName=NetK13_2 Pin=K13-2
Added Pin To Net: NetName=GNDA Pin=K13-3
Added Pin To Net: NetName=AVCC Pin=K14-1
Added Pin To Net: NetName=NetK14_2 Pin=K14-2
Added Pin To Net: NetName=GNDA Pin=K14-3
Added Pin To Net: NetName=AVCC Pin=K15-1
Added Pin To Net: NetName=NetK15_2 Pin=K15-2
Added Pin To Net: NetName=GNDA Pin=K15-3
Added Pin To Net: NetName=AVCC Pin=K16-1
Added Pin To Net: NetName=NetK16_2 Pin=K16-2
Added Pin To Net: NetName=GNDA Pin=K16-3
Added Pin To Net: NetName=AVCC Pin=K17-1
Added Pin To Net: NetName=NetK17_2 Pin=K17-2
Added Pin To Net: NetName=GNDA Pin=K17-3
Added Pin To Net: NetName=+5V Pin=LDO*1-1
Added Pin To Net: NetName=GNDD Pin=LDO*1-2
Added Pin To Net: NetName=GNDD Pin=LDO*1-2
Added Pin To Net: NetName=DVCC Pin=LDO*1-3
Added Pin To Net: NetName=GNDD Pin=MPU*1-1
Added Pin To Net: NetName=DVCC Pin=MPU*1-8
Added Pin To Net: NetName=AD0 Pin=MPU*1-9
Added Pin To Net: NetName=NetC16_2 Pin=MPU*1-10
Added Pin To Net: NetName=GNDD Pin=MPU*1-11
Added Pin To Net: NetName=DVCC Pin=MPU*1-13
Added Pin To Net: NetName=GNDD Pin=MPU*1-18
Added Pin To Net: NetName=NetC18_1 Pin=MPU*1-20
Added Pin To Net: NetName=NetK1_2 Pin=R1-1
Added Pin To Net: NetName=NetADC*1_5 Pin=R1-2
Added Pin To Net: NetName=AVCC Pin=R2-1
Added Pin To Net: NetName=NetADC*1_1 Pin=R2-2
Added Pin To Net: NetName=DVCC Pin=R3-1
Added Pin To Net: NetName=NetADC*1_20 Pin=R3-2
Added Pin To Net: NetName=DVCC Pin=R4-1
Added Pin To Net: NetName=NetD1_2 Pin=R4-2
Added Pin To Net: NetName=NetK2_2 Pin=R5-1
Added Pin To Net: NetName=NetADC*1_6 Pin=R5-2
Added Pin To Net: NetName=NetK3_2 Pin=R6-1
Added Pin To Net: NetName=NetADC*1_7 Pin=R6-2
Added Pin To Net: NetName=NetK4_2 Pin=R7-1
Added Pin To Net: NetName=NetADC*1_8 Pin=R7-2
Added Pin To Net: NetName=NetADC*1_18 Pin=R8-1
Added Pin To Net: NetName=NetADC*1_17 Pin=R9-1
Added Pin To Net: NetName=NetK5_2 Pin=R10-1
Added Pin To Net: NetName=NetADC*1_9 Pin=R10-2
Added Pin To Net: NetName=NetADC*1_15 Pin=R11-1
Added Pin To Net: NetName=NetADC*1_16 Pin=R12-1
Added Pin To Net: NetName=NetADC*1_14 Pin=R13-1
Added Pin To Net: NetName=AD0 Pin=R14-1
Added Pin To Net: NetName=GNDD Pin=R14-2
Added Pin To Net: NetName=NetK6_2 Pin=R15-1
Added Pin To Net: NetName=NetADC*1_10 Pin=R15-2
Added Pin To Net: NetName=NetADC*1_13 Pin=R16-1
Added Pin To Net: NetName=NetK7_2 Pin=R17-1
Added Pin To Net: NetName=NetADC*1_11 Pin=R17-2
Added Pin To Net: NetName=NetK8_2 Pin=R18-1
Added Pin To Net: NetName=NetADC*1_12 Pin=R18-2
Added Pin To Net: NetName=NetK9_2 Pin=R19-1
Added Pin To Net: NetName=NetADC*2_5 Pin=R19-2
Added Pin To Net: NetName=AVCC Pin=R20-1
Added Pin To Net: NetName=NetADC*2_1 Pin=R20-2
Added Pin To Net: NetName=DVCC Pin=R21-1
Added Pin To Net: NetName=NetADC*2_20 Pin=R21-2
Added Pin To Net: NetName=NetK11_2 Pin=R22-1
Added Pin To Net: NetName=NetADC*2_6 Pin=R22-2
Added Pin To Net: NetName=NetK12_2 Pin=R23-1
Added Pin To Net: NetName=NetADC*2_7 Pin=R23-2
Added Pin To Net: NetName=NetK13_2 Pin=R24-1
Added Pin To Net: NetName=NetADC*2_8 Pin=R24-2
Added Pin To Net: NetName=NetADC*2_18 Pin=R25-1
Added Pin To Net: NetName=NetADC*2_17 Pin=R26-1
Added Pin To Net: NetName=NetK14_2 Pin=R27-1
Added Pin To Net: NetName=NetADC*2_9 Pin=R27-2
Added Pin To Net: NetName=NetADC*2_15 Pin=R28-1
Added Pin To Net: NetName=NetADC*2_16 Pin=R29-1
Added Pin To Net: NetName=NetADC*2_14 Pin=R30-1
Added Pin To Net: NetName=NetK15_2 Pin=R31-1
Added Pin To Net: NetName=NetADC*2_10 Pin=R31-2
Added Pin To Net: NetName=NetADC*2_13 Pin=R32-1
Added Pin To Net: NetName=NetK16_2 Pin=R33-1
Added Pin To Net: NetName=NetADC*2_11 Pin=R33-2
Added Pin To Net: NetName=NetK17_2 Pin=R34-1
Added Pin To Net: NetName=NetADC*2_12 Pin=R34-2
Added Member To Class: ClassName=Sheet1 Member=Component ADC*1 MCP3464
Added Member To Class: ClassName=Sheet1 Member=Component ADC*2 MCP3464
Added Member To Class: ClassName=Sheet1 Member=Component C1 0.1uF
Added Member To Class: ClassName=Sheet1 Member=Component C2 0.1uF
Added Member To Class: ClassName=Sheet1 Member=Component C3 0.1uF
Added Member To Class: ClassName=Sheet1 Member=Component C4 10uF
Added Member To Class: ClassName=Sheet1 Member=Component C5 4.7uF
Added Member To Class: ClassName=Sheet1 Member=Component C6 4.7uF
Added Member To Class: ClassName=Sheet1 Member=Component C7 0.1uF
Added Member To Class: ClassName=Sheet1 Member=Component C8 0.1uF
Added Member To Class: ClassName=Sheet1 Member=Component C9 0.1uF
Added Member To Class: ClassName=Sheet1 Member=Component C10 0.1uF
Added Member To Class: ClassName=Sheet1 Member=Component C11 0.1uF
Added Member To Class: ClassName=Sheet1 Member=Component C12 0.1uF
Added Member To Class: ClassName=Sheet1 Member=Component C13 0.1uF
Added Member To Class: ClassName=Sheet1 Member=Component C14 0.1uF
Added Member To Class: ClassName=Sheet1 Member=Component C15 10nF
Added Member To Class: ClassName=Sheet1 Member=Component C16 0.1uF
Added Member To Class: ClassName=Sheet1 Member=Component C17 0.1uF
Added Member To Class: ClassName=Sheet1 Member=Component C18 2.2nF
Added Member To Class: ClassName=Sheet1 Member=Component C19 0.1uF
Added Member To Class: ClassName=Sheet1 Member=Component C20 0.1uF
Added Member To Class: ClassName=Sheet1 Member=Component C21 0.1uF
Added Member To Class: ClassName=Sheet1 Member=Component C22 0.1uF
Added Member To Class: ClassName=Sheet1 Member=Component C23 0.1uF
Added Member To Class: ClassName=Sheet1 Member=Component C24 0.1uF
Added Member To Class: ClassName=Sheet1 Member=Component C25 0.1uF
Added Member To Class: ClassName=Sheet1 Member=Component C26 0.1uF
Added Member To Class: ClassName=Sheet1 Member=Component C27 0.1uF
Added Member To Class: ClassName=Sheet1 Member=Component C28 0.1uF
Added Member To Class: ClassName=Sheet1 Member=Component C29 0.1uF
Added Member To Class: ClassName=Sheet1 Member=Component C30 0.1uF
Added Member To Class: ClassName=Sheet1 Member=Component C31 0.1uF
Added Member To Class: ClassName=Sheet1 Member=Component C32 0.1uF
Added Member To Class: ClassName=Sheet1 Member=Component C33 0.1uF
Added Member To Class: ClassName=Sheet1 Member=Component D1 LED
Added Member To Class: ClassName=Sheet1 Member=Component FB1 FERITTE BEAD
Added Member To Class: ClassName=Sheet1 Member=Component J1 JMP_mini
Added Member To Class: ClassName=Sheet1 Member=Component J2 JMP_mini
Added Member To Class: ClassName=Sheet1 Member=Component J3 JMP_mini
Added Member To Class: ClassName=Sheet1 Member=Component J4 JMP_mini
Added Member To Class: ClassName=Sheet1 Member=Component J5 JMP_mini
Added Member To Class: ClassName=Sheet1 Member=Component K1 H1x3
Added Member To Class: ClassName=Sheet1 Member=Component K2 H1x3
Added Member To Class: ClassName=Sheet1 Member=Component K3 H1x3
Added Member To Class: ClassName=Sheet1 Member=Component K4 H1x3
Added Member To Class: ClassName=Sheet1 Member=Component K5 H1x3
Added Member To Class: ClassName=Sheet1 Member=Component K6 H1x3
Added Member To Class: ClassName=Sheet1 Member=Component K7 H1x3
Added Member To Class: ClassName=Sheet1 Member=Component K8 H1x3
Added Member To Class: ClassName=Sheet1 Member=Component K9 H1x3
Added Member To Class: ClassName=Sheet1 Member=Component K10 H2x6
Added Member To Class: ClassName=Sheet1 Member=Component K11 H1x3
Added Member To Class: ClassName=Sheet1 Member=Component K12 H1x3
Added Member To Class: ClassName=Sheet1 Member=Component K13 H1x3
Added Member To Class: ClassName=Sheet1 Member=Component K14 H1x3
Added Member To Class: ClassName=Sheet1 Member=Component K15 H1x3
Added Member To Class: ClassName=Sheet1 Member=Component K16 H1x3
Added Member To Class: ClassName=Sheet1 Member=Component K17 H1x3
Added Member To Class: ClassName=Sheet1 Member=Component LDO*1 TC1108
Added Member To Class: ClassName=Sheet1 Member=Component MPU*1 MPU6050
Added Member To Class: ClassName=Sheet1 Member=Component R1 1k
Added Member To Class: ClassName=Sheet1 Member=Component R2 10
Added Member To Class: ClassName=Sheet1 Member=Component R3 10
Added Member To Class: ClassName=Sheet1 Member=Component R4 1k
Added Member To Class: ClassName=Sheet1 Member=Component R5 1k
Added Member To Class: ClassName=Sheet1 Member=Component R6 1k
Added Member To Class: ClassName=Sheet1 Member=Component R7 1k
Added Member To Class: ClassName=Sheet1 Member=Component R8 10
Added Member To Class: ClassName=Sheet1 Member=Component R9 10
Added Member To Class: ClassName=Sheet1 Member=Component R10 1k
Added Member To Class: ClassName=Sheet1 Member=Component R11 10
Added Member To Class: ClassName=Sheet1 Member=Component R12 10
Added Member To Class: ClassName=Sheet1 Member=Component R13 10
Added Member To Class: ClassName=Sheet1 Member=Component R14 4k7
Added Member To Class: ClassName=Sheet1 Member=Component R15 1k
Added Member To Class: ClassName=Sheet1 Member=Component R16 10
Added Member To Class: ClassName=Sheet1 Member=Component R17 1k
Added Member To Class: ClassName=Sheet1 Member=Component R18 1k
Added Member To Class: ClassName=Sheet1 Member=Component R19 1k
Added Member To Class: ClassName=Sheet1 Member=Component R20 10
Added Member To Class: ClassName=Sheet1 Member=Component R21 10
Added Member To Class: ClassName=Sheet1 Member=Component R22 1k
Added Member To Class: ClassName=Sheet1 Member=Component R23 1k
Added Member To Class: ClassName=Sheet1 Member=Component R24 1k
Added Member To Class: ClassName=Sheet1 Member=Component R25 10
Added Member To Class: ClassName=Sheet1 Member=Component R26 10
Added Member To Class: ClassName=Sheet1 Member=Component R27 1k
Added Member To Class: ClassName=Sheet1 Member=Component R28 10
Added Member To Class: ClassName=Sheet1 Member=Component R29 10
Added Member To Class: ClassName=Sheet1 Member=Component R30 10
Added Member To Class: ClassName=Sheet1 Member=Component R31 1k
Added Member To Class: ClassName=Sheet1 Member=Component R32 10
Added Member To Class: ClassName=Sheet1 Member=Component R33 1k
Added Member To Class: ClassName=Sheet1 Member=Component R34 1k
