Removed Pin From Net: NetName=MOSI Pin=K10-3
Removed Pin From Net: NetName=MISO Pin=K10-5
Removed Pin From Net: NetName=SCK Pin=K10-7
Removed Pin From Net: NetName=MOSI Pin=R11-2
Removed Pin From Net: NetName=MISO Pin=R12-2
Removed Pin From Net: NetName=SCK Pin=R13-2
Removed Pin From Net: NetName=NetADC*1_13 Pin=R16-1
Removed Pin From Net: NetName=CS1 Pin=R16-2
Removed Pin From Net: NetName=MOSI Pin=R28-2
Removed Pin From Net: NetName=MISO Pin=R29-2
Removed Pin From Net: NetName=SCK Pin=R30-2
Removed Pin From Net: NetName=NetADC*2_13 Pin=R32-1
Removed Pin From Net: NetName=CS2 Pin=R32-2
Removed Member From Class: ClassName=Sheet1 Member=R29
Removed Member From Class: ClassName=Sheet1 Member=R30
Removed Member From Class: ClassName=Sheet1 Member=R32
Added Component: Designator=K18(H1x2)
Added Pin To Net: NetName=SCK Pin=ADC*1-14
Added Pin To Net: NetName=MOSI Pin=ADC*1-15
Added Pin To Net: NetName=MISO Pin=ADC*1-16
Added Pin To Net: NetName=GNDA Pin=ADC*1-19
Added Pin To Net: NetName=SCK Pin=ADC*2-14
Added Pin To Net: NetName=MOSI Pin=ADC*2-15
Added Pin To Net: NetName=MISO Pin=ADC*2-16
Added Pin To Net: NetName=GNDA Pin=ADC*2-19
Added Pin To Net: NetName=GNDA Pin=C3-1
Added Pin To Net: NetName=GNDA Pin=C4-2
Added Pin To Net: NetName=GNDA Pin=C5-2
Added Pin To Net: NetName=GNDA Pin=C6-2
Added Pin To Net: NetName=GNDA Pin=C9-1
Added Pin To Net: NetName=GNDA Pin=C12-1
Added Pin To Net: NetName=GNDA Pin=C15-2
Added Pin To Net: NetName=GNDA Pin=C16-1
Added Pin To Net: NetName=GNDA Pin=C18-2
Added Pin To Net: NetName=GNDA Pin=C23-1
Added Pin To Net: NetName=GNDA Pin=C26-1
Added Pin To Net: NetName=GNDA Pin=D1-1
Added Pin To Net: NetName=GNDA Pin=J1-2
Added Pin To Net: NetName=GNDA Pin=J2-2
Added Pin To Net: NetName=GNDA Pin=J3-1
Added Pin To Net: NetName=GNDA Pin=J4-2
Added Pin To Net: NetName=GNDA Pin=J5-2
Added Pin To Net: NetName=GNDA Pin=K10-4
Added Pin To Net: NetName=GNDA Pin=K18-1
Added Pin To Net: NetName=MCLK Pin=K18-2
Added Pin To Net: NetName=GNDA Pin=LDO*1-2
Added Pin To Net: NetName=GNDA Pin=LDO*1-2
Added Pin To Net: NetName=GNDA Pin=MPU*1-1
Added Pin To Net: NetName=GNDA Pin=MPU*1-11
Added Pin To Net: NetName=GNDA Pin=MPU*1-18
Added Pin To Net: NetName=NetADC*1_13 Pin=R11-1
Added Pin To Net: NetName=CS1 Pin=R11-2
Added Pin To Net: NetName=MOSI Pin=R12-1
Added Pin To Net: NetName=MISO Pin=R13-1
Added Pin To Net: NetName=GNDA Pin=R14-2
Added Pin To Net: NetName=SCK Pin=R16-1
Added Pin To Net: NetName=NetADC*2_13 Pin=R28-1
Added Pin To Net: NetName=CS2 Pin=R28-2
Added Pin To Net: NetName=NetK10_3 Pin=K10-3
Added Pin To Net: NetName=NetK10_3 Pin=R12-2
Added Net: Name=NetK10_3
Added Pin To Net: NetName=NetK10_5 Pin=K10-5
Added Pin To Net: NetName=NetK10_5 Pin=R13-2
Added Net: Name=NetK10_5
Added Pin To Net: NetName=NetK10_7 Pin=K10-7
Added Pin To Net: NetName=NetK10_7 Pin=R16-2
Added Net: Name=NetK10_7
Added Member To Class: ClassName=Sheet1 Member=Component K18 H1x2
