Remove Pin=K10-1 From Net=MDAT
Remove Pin=K10-3 From Net=MOSI
Remove Pin=K10-5 From Net=MISO
Remove Pin=K10-6 From Net=SDA
Remove Pin=K10-7 From Net=SCK
Remove Pin=K10-8 From Net=SCL
Remove Pin=K10-9 From Net=CS1
Remove Pin=K10-10 From Net=INT
Remove Pin=K10-11 From Net=CS2
Remove Pin=K10-12 From Net=AD0
Remove Pin=MPU*1-12 From Net=INT
Remove Pin=MPU*1-23 From Net=SCL
Remove Pin=MPU*1-24 From Net=SDA
Remove Pin=R8-2 From Net=MCLK
Remove Pin=R9-2 From Net=MDAT
Remove Pin=R11-2 From Net=MOSI
Remove Pin=R12-2 From Net=MISO
Remove Pin=R13-2 From Net=SCK
Remove Pin=R16-2 From Net=CS1
Remove Pin=R25-2 From Net=MCLK
Remove Pin=R26-2 From Net=MDAT
Remove Pin=R28-2 From Net=MOSI
Remove Pin=R29-2 From Net=MISO
Remove Pin=R30-2 From Net=SCK
Remove Pin=R32-2 From Net=CS2
